INFO: 2024/05/12 18:23:08 service.go:19: Registering user with username: example, email: example@example.com
INFO: 2024/05/12 18:23:08 service.go:29: Getting user profile for user ID: 123
INFO: 2024/05/12 21:26:07 C:/yarlyki/coding/go/todo_project/internal/user/service.go:19: Registering user with username: example, email: example@example.com
INFO: 2024/05/12 21:26:07 C:/yarlyki/coding/go/todo_project/internal/user/service.go:29: Getting user profile for user ID: 123
INFO: 2024/05/12 22:06:51 C:/yarlyki/coding/go/todo_project/cmd/user/main.go:30: User service is running on port 50051
INFO: 2024/05/12 22:08:24 C:/yarlyki/coding/go/todo_project/internal/user/service.go:22: Registering user with username: damir, email: damir@example.com
INFO: 2024/05/12 22:09:28 C:/yarlyki/coding/go/todo_project/cmd/user/main.go:30: User service is running on port 50051
INFO: 2024/05/12 22:09:40 C:/yarlyki/coding/go/todo_project/internal/user/service.go:22: Registering user with username: damir, email: damir@example.com
INFO: 2024/05/12 22:10:13 C:/yarlyki/coding/go/todo_project/cmd/user/main.go:30: User service is running on port 50051
INFO: 2024/05/12 22:10:23 C:/yarlyki/coding/go/todo_project/internal/user/service.go:22: Registering user with username: damir, email: damir@example.com
INFO: 2024/05/12 22:10:23 C:/yarlyki/coding/go/todo_project/internal/user/service.go:66: User registered successfully with ID: 1
INFO: 2024/05/12 22:11:05 C:/yarlyki/coding/go/todo_project/internal/user/service.go:22: Registering user with username: damir, email: damir@example.com
INFO: 2024/05/12 22:12:16 C:/yarlyki/coding/go/todo_project/cmd/user/main.go:30: User service is running on port 50051
INFO: 2024/05/12 22:12:25 C:/yarlyki/coding/go/todo_project/internal/user/service.go:22: Registering user with username: damir, email: damir@example.com
INFO: 2024/05/12 22:19:56 C:/yarlyki/coding/go/todo_project/cmd/user/main.go:30: User service is running on port 50051
INFO: 2024/05/12 22:20:05 C:/yarlyki/coding/go/todo_project/internal/user/service.go:75: Getting user profile for user ID: 123
INFO: 2024/05/12 22:21:09 C:/yarlyki/coding/go/todo_project/internal/user/service.go:75: Getting user profile for user ID: 1
INFO: 2024/05/12 22:21:09 C:/yarlyki/coding/go/todo_project/internal/user/service.go:84: User profile retrieved successfully for user ID: 1
INFO: 2024/05/12 22:21:32 C:/yarlyki/coding/go/todo_project/internal/user/service.go:75: Getting user profile for user ID: 1
INFO: 2024/05/12 22:21:32 C:/yarlyki/coding/go/todo_project/internal/user/service.go:84: User profile retrieved successfully for user ID: 1
INFO: 2024/05/13 17:20:05 C:/yarlyki/coding/go/todo_project/cmd/user/main.go:30: User service is running on port 50051
INFO: 2024/05/13 17:20:31 C:/yarlyki/coding/go/todo_project/cmd/auth/main.go:30: User service is running on port 50051
INFO: 2024/05/13 17:21:34 C:/yarlyki/coding/go/todo_project/cmd/task/main.go:39: User service is running on port 50051
INFO: 2024/05/13 17:23:14 C:/yarlyki/coding/go/todo_project/internal/user/service.go:75: Getting user profile for user ID: 1
INFO: 2024/05/13 17:23:14 C:/yarlyki/coding/go/todo_project/internal/user/service.go:84: User profile retrieved successfully for user ID: 1
INFO: 2024/05/13 20:28:27 C:/yarlyki/coding/go/todo_project/cmd/user/main.go:30: User service is running on port 50051
INFO: 2024/05/13 20:28:35 C:/yarlyki/coding/go/todo_project/internal/user/service.go:23: Registering user with username: damir, email: damir@example.com
INFO: 2024/05/13 20:28:36 C:/yarlyki/coding/go/todo_project/internal/user/service.go:78: User registered successfully with ID: 2
INFO: 2024/05/13 20:30:07 C:/yarlyki/coding/go/todo_project/internal/user/service.go:107: Deleting user with ID: damir
INFO: 2024/05/13 20:30:07 C:/yarlyki/coding/go/todo_project/internal/user/service.go:141: User deleted successfully with username: damir
INFO: 2024/05/19 14:06:35 C:/yarlyki/coding/go/todo_project/cmd/user/main.go:39: User service is running on port 50051
INFO: 2024/05/19 14:06:47 C:/yarlyki/coding/go/todo_project/cmd/auth/main.go:39: Authentication service is running on port 50051
INFO: 2024/05/19 14:09:57 C:/yarlyki/coding/go/todo_project/internal/user/serivice/service.go:23: Registering user with username: damir, email: damir@gmail.com
INFO: 2024/05/19 14:11:02 C:/yarlyki/coding/go/todo_project/cmd/user/main.go:39: User service is running on port 50051
INFO: 2024/05/19 14:11:39 C:/yarlyki/coding/go/todo_project/internal/user/serivice/service.go:23: Registering user with username: damir, email: damir@gmail.com
INFO: 2024/05/19 14:11:39 C:/yarlyki/coding/go/todo_project/internal/user/serivice/service.go:61: User damir registered successfully with ID: 3
INFO: 2024/05/19 14:11:39 C:/yarlyki/coding/go/todo_project/internal/handlers/handler.go:61: Register endpoint done successfully
INFO: 2024/05/19 14:26:17 C:/yarlyki/coding/go/todo_project/cmd/auth/main.go:39: Authentication service is running on port 50051
